<?xml version="1.0" encoding="UTF-8"?>
<testsuites name="Login" time="9" tests="0" failures="1" errors="0">
   <testsuite name="Login" tests="0" failures="1" errors="0" time="9" timestamp="2018-07-24 13:04:15" hostname="slk - WSLK1FFTRFW-21" id="Test Suites/Login">
      <properties>
         <property name="deviceName" value=""/>
         <property name="devicePlatform" value=""/>
         <property name="logFolder" value="C:\\Users\\slk.WSLK1FFTRFW-21.000\\Katalon Studio\\Demo1_SLK\\Reports\\Login\\20180724_130413"/>
         <property name="logFiles" value="C:\\Users\\slk.WSLK1FFTRFW-21.000\\Katalon Studio\\Demo1_SLK\\Reports\\Login\\20180724_130413\\execution0.log"/>
         <property name="attachments" value="C:\\Users\\slk.WSLK1FFTRFW-21.000\\Katalon Studio\\Demo1_SLK\\Reports\\Login\\20180724_130413\\1532417662941.png, C:\\Users\\slk.WSLK1FFTRFW-21.000\\Katalon Studio\\Demo1_SLK\\Reports\\Login\\20180724_130413\\1532417663250.png"/>
         <property name="hostName" value="slk - WSLK1FFTRFW-21"/>
         <property name="os" value="Windows 7 64bit"/>
         <property name="katalonVersion" value="5.5.0.1"/>
         <property name="browser" value="Chrome 67.0.3396.99"/>
         <property name="hostAddress" value="10.10.10.29"/>
         <property name="sessionId" value="b574589185031023625a29b55380b13f"/>
         <property name="seleniumVersion" value="3.7.1"/>
         <property name="proxyInformation" value="ProxyInformation{proxyOption=NO_PROXY, proxyServerType=HTTP, password=, proxyServerAddress=, proxyServerPort=0}"/>
         <property name="platform" value="Windows 7"/>
      </properties>
      <testcase name="Test Cases/Login/Test2_Manual" classname="Test Cases/Login/Test2_Manual" status="FAILED">
         <failure type="FAILED" message="Unable to verify object 'Object Repository/Test2Objects/Page_CURA Healthcare Service/select_Tokyo CURA Healthcare C' is present (Root cause: com.kms.katalon.core.webui.exception.WebElementNotFoundException: Web element with id: 'Object Repository/Test2Objects/Page_CURA Healthcare Service/select_Tokyo CURA Healthcare C' located by 'By.xpath: //select[@id = 'combo_facility' and @name = 'facility' and (text() = '
                            Tokyo CURA Healthcare Center
                            Hongkong CURA Healthcare Center
                            Seoul CURA Healthcare Center
                        ' or . = '
                            Tokyo CURA Healthcare Center
                            Hongkong CURA Healthcare Center
                            Seoul CURA Healthcare Center
                        ')]' not found)"/>
         <system-out><![CDATA[2018-07-24 13:04:15 - [TEST_CASE][FAILED] - Test Cases/Login/Test2_Manual: Test Cases/Login/Test2_Manual FAILED because (of) Unable to verify object 'Object Repository/Test2Objects/Page_CURA Healthcare Service/select_Tokyo CURA Healthcare C' is present (Root cause: com.kms.katalon.core.webui.exception.WebElementNotFoundException: Web element with id: 'Object Repository/Test2Objects/Page_CURA Healthcare Service/select_Tokyo CURA Healthcare C' located by 'By.xpath: //select[@id = 'combo_facility' and @name = 'facility' and (text() = '
                            Tokyo CURA Healthcare Center
                            Hongkong CURA Healthcare Center
                            Seoul CURA Healthcare Center
                        ' or . = '
                            Tokyo CURA Healthcare Center
                            Hongkong CURA Healthcare Center
                            Seoul CURA Healthcare Center
                        ')]' not found)

2018-07-24 13:04:15 - [TEST_STEP][PASSED] - openBrowser: Browser is opened with url: ''

2018-07-24 13:04:18 - [MESSAGE][PASSED] - Browser is opened with url: ''

2018-07-24 13:04:18 - [TEST_STEP][PASSED] - navigateToUrl: Navigate to 'http://demoaut.katalon.com/' successfully

2018-07-24 13:04:19 - [MESSAGE][PASSED] - Navigate to 'http://demoaut.katalon.com/' successfully

2018-07-24 13:04:19 - [TEST_STEP][PASSED] - click: Object: 'Object Repository/Test2Objects/Page_CURA Healthcare Service/a_Make Appointment' is clicked on

2018-07-24 13:04:20 - [MESSAGE][PASSED] - Object: 'Object Repository/Test2Objects/Page_CURA Healthcare Service/a_Make Appointment' is clicked on

2018-07-24 13:04:20 - [TEST_STEP][PASSED] - setText: Text 'John' is set on object 'Object Repository/Test2Objects/Page_CURA Healthcare Service/input_username'

2018-07-24 13:04:20 - [MESSAGE][PASSED] - Text 'John' is set on object 'Object Repository/Test2Objects/Page_CURA Healthcare Service/input_username'

2018-07-24 13:04:20 - [TEST_STEP][PASSED] - setEncryptedText: Text ****** has been set on object 'Object Repository/Test2Objects/Page_CURA Healthcare Service/input_password'

2018-07-24 13:04:20 - [MESSAGE][PASSED] - Text ****** has been set on object 'Object Repository/Test2Objects/Page_CURA Healthcare Service/input_password'

2018-07-24 13:04:20 - [TEST_STEP][PASSED] - click: Object: 'Object Repository/Test2Objects/Page_CURA Healthcare Service/button_Login' is clicked on

2018-07-24 13:04:21 - [MESSAGE][PASSED] - Object: 'Object Repository/Test2Objects/Page_CURA Healthcare Service/button_Login' is clicked on

2018-07-24 13:04:21 - [TEST_STEP][FAILED] - verifyElementPresent: Unable to verify object 'Object Repository/Test2Objects/Page_CURA Healthcare Service/select_Tokyo CURA Healthcare C' is present (Root cause: com.kms.katalon.core.webui.exception.WebElementNotFoundException: Web element with id: 'Object Repository/Test2Objects/Page_CURA Healthcare Service/select_Tokyo CURA Healthcare C' located by 'By.xpath: //select[@id = 'combo_facility' and @name = 'facility' and (text() = '
                            Tokyo CURA Healthcare Center
                            Hongkong CURA Healthcare Center
                            Seoul CURA Healthcare Center
                        ' or . = '
                            Tokyo CURA Healthcare Center
                            Hongkong CURA Healthcare Center
                            Seoul CURA Healthcare Center
                        ')]' not found)

2018-07-24 13:04:23 - [MESSAGE][FAILED] - com.kms.katalon.core.webui.exception.WebElementNotFoundException: Web element with id: 'Object Repository/Test2Objects/Page_CURA Healthcare Service/select_Tokyo CURA Healthcare C' located by 'By.xpath: //select[@id = 'combo_facility' and @name = 'facility' and (text() = '
                            Tokyo CURA Healthcare Center
                            Hongkong CURA Healthcare Center
                            Seoul CURA Healthcare Center
                        ' or . = '
                            Tokyo CURA Healthcare Center
                            Hongkong CURA Healthcare Center
                            Seoul CURA Healthcare Center
                        ')]' not found
[[ATTACHMENT|C:\\Users\\slk.WSLK1FFTRFW-21.000\\Katalon Studio\\Demo1_SLK\\Reports\\Login\\20180724_130413\\1532417662941.png]]

2018-07-24 13:04:23 - [MESSAGE][FAILED] - Unable to verify object 'Object Repository/Test2Objects/Page_CURA Healthcare Service/select_Tokyo CURA Healthcare C' is present (Root cause: com.kms.katalon.core.webui.exception.WebElementNotFoundException: Web element with id: 'Object Repository/Test2Objects/Page_CURA Healthcare Service/select_Tokyo CURA Healthcare C' located by 'By.xpath: //select[@id = 'combo_facility' and @name = 'facility' and (text() = '
                            Tokyo CURA Healthcare Center
                            Hongkong CURA Healthcare Center
                            Seoul CURA Healthcare Center
                        ' or . = '
                            Tokyo CURA Healthcare Center
                            Hongkong CURA Healthcare Center
                            Seoul CURA Healthcare Center
                        ')]' not found)
[[ATTACHMENT|C:\\Users\\slk.WSLK1FFTRFW-21.000\\Katalon Studio\\Demo1_SLK\\Reports\\Login\\20180724_130413\\1532417663250.png]]]]></system-out>
         <system-err><![CDATA[2018-07-24 13:04:15 - [TEST_CASE][FAILED] - Test Cases/Login/Test2_Manual: Test Cases/Login/Test2_Manual FAILED because (of) Unable to verify object 'Object Repository/Test2Objects/Page_CURA Healthcare Service/select_Tokyo CURA Healthcare C' is present (Root cause: com.kms.katalon.core.webui.exception.WebElementNotFoundException: Web element with id: 'Object Repository/Test2Objects/Page_CURA Healthcare Service/select_Tokyo CURA Healthcare C' located by 'By.xpath: //select[@id = 'combo_facility' and @name = 'facility' and (text() = '
                            Tokyo CURA Healthcare Center
                            Hongkong CURA Healthcare Center
                            Seoul CURA Healthcare Center
                        ' or . = '
                            Tokyo CURA Healthcare Center
                            Hongkong CURA Healthcare Center
                            Seoul CURA Healthcare Center
                        ')]' not found)]]></system-err>
      </testcase>
      <system-out><![CDATA[2018-07-24 13:04:15 - [TEST_SUITE][FAILED] - Login: Test Cases/Login/Test2_Manual FAILED because (of) Unable to verify object 'Object Repository/Test2Objects/Page_CURA Healthcare Service/select_Tokyo CURA Healthcare C' is present (Root cause: com.kms.katalon.core.webui.exception.WebElementNotFoundException: Web element with id: 'Object Repository/Test2Objects/Page_CURA Healthcare Service/select_Tokyo CURA Healthcare C' located by 'By.xpath: //select[@id = 'combo_facility' and @name = 'facility' and (text() = '
                            Tokyo CURA Healthcare Center
                            Hongkong CURA Healthcare Center
                            Seoul CURA Healthcare Center
                        ' or . = '
                            Tokyo CURA Healthcare Center
                            Hongkong CURA Healthcare Center
                            Seoul CURA Healthcare Center
                        ')]' not found)]]></system-out>
      <system-err><![CDATA[2018-07-24 13:04:15 - [TEST_SUITE][FAILED] - Login: Test Cases/Login/Test2_Manual FAILED because (of) Unable to verify object 'Object Repository/Test2Objects/Page_CURA Healthcare Service/select_Tokyo CURA Healthcare C' is present (Root cause: com.kms.katalon.core.webui.exception.WebElementNotFoundException: Web element with id: 'Object Repository/Test2Objects/Page_CURA Healthcare Service/select_Tokyo CURA Healthcare C' located by 'By.xpath: //select[@id = 'combo_facility' and @name = 'facility' and (text() = '
                            Tokyo CURA Healthcare Center
                            Hongkong CURA Healthcare Center
                            Seoul CURA Healthcare Center
                        ' or . = '
                            Tokyo CURA Healthcare Center
                            Hongkong CURA Healthcare Center
                            Seoul CURA Healthcare Center
                        ')]' not found)]]></system-err>
   </testsuite>
</testsuites>
