<?xml version="1.0" encoding="UTF-8"?>
<testsuites name="OrangeHrmLive" time="13" tests="1" failures="1" errors="0">
   <testsuite name="OrangeHrmLive" tests="1" failures="1" errors="0" time="13" timestamp="2018-07-24 15:26:38" hostname="slk - WSLK1FFTRFW-21" id="Test Suites/OrangeHrmLive">
      <properties>
         <property name="deviceName" value=""/>
         <property name="devicePlatform" value=""/>
         <property name="logFolder" value="C:\\Users\\slk.WSLK1FFTRFW-21.000\\Katalon Studio\\Demo1_SLK\\Reports\\OrangeHrmLive\\20180724_152636"/>
         <property name="logFiles" value="C:\\Users\\slk.WSLK1FFTRFW-21.000\\Katalon Studio\\Demo1_SLK\\Reports\\OrangeHrmLive\\20180724_152636\\execution0.log"/>
         <property name="attachments" value="C:\\Users\\slk.WSLK1FFTRFW-21.000\\Katalon Studio\\Demo1_SLK\\Reports\\OrangeHrmLive\\20180724_152636\\1532426210926.png"/>
         <property name="hostName" value="slk - WSLK1FFTRFW-21"/>
         <property name="os" value="Windows 7 64bit"/>
         <property name="katalonVersion" value="5.5.0.1"/>
         <property name="browser" value="Chrome 67.0.3396.99"/>
         <property name="hostAddress" value="10.10.10.29"/>
         <property name="sessionId" value="09a7d8a877693a0c06e71e45efd66767"/>
         <property name="seleniumVersion" value="3.7.1"/>
         <property name="proxyInformation" value="ProxyInformation{proxyOption=NO_PROXY, proxyServerType=HTTP, password=, proxyServerAddress=, proxyServerPort=0}"/>
         <property name="platform" value="Windows 7"/>
      </properties>
      <testcase name="Test Cases/OrangeHrmLive/Login" classname="Test Cases/OrangeHrmLive/Login" status="PASSED">
         <system-out><![CDATA[2018-07-24 15:26:38 - [TEST_CASE][PASSED] - Test Cases/OrangeHrmLive/Login: Test Cases/OrangeHrmLive/Login

2018-07-24 15:26:38 - [TEST_STEP][PASSED] - openBrowser: Browser is opened with url: ''

2018-07-24 15:26:41 - [MESSAGE][PASSED] - Browser is opened with url: ''

2018-07-24 15:26:41 - [TEST_STEP][PASSED] - navigateToUrl: Navigate to 'https://opensource-demo.orangehrmlive.com/' successfully

2018-07-24 15:26:46 - [MESSAGE][PASSED] - Navigate to 'https://opensource-demo.orangehrmlive.com/' successfully

2018-07-24 15:26:46 - [TEST_STEP][PASSED] - click: Object: 'Object Repository/OrangeHrmLive/Page_OrangeHRM/span_Username' is clicked on

2018-07-24 15:26:46 - [MESSAGE][PASSED] - Object: 'Object Repository/OrangeHrmLive/Page_OrangeHRM/span_Username' is clicked on

2018-07-24 15:26:46 - [TEST_STEP][PASSED] - setText: Text 'Admin' is set on object 'Object Repository/OrangeHrmLive/Page_OrangeHRM/input_txtUsername'

2018-07-24 15:26:46 - [MESSAGE][PASSED] - Text 'Admin' is set on object 'Object Repository/OrangeHrmLive/Page_OrangeHRM/input_txtUsername'

2018-07-24 15:26:46 - [TEST_STEP][PASSED] - setEncryptedText: Text ****** has been set on object 'Object Repository/OrangeHrmLive/Page_OrangeHRM/input_txtPassword'

2018-07-24 15:26:46 - [MESSAGE][PASSED] - Text ****** has been set on object 'Object Repository/OrangeHrmLive/Page_OrangeHRM/input_txtPassword'

2018-07-24 15:26:46 - [TEST_STEP][PASSED] - click: Object: 'Object Repository/OrangeHrmLive/Page_OrangeHRM/input_Submit' is clicked on

2018-07-24 15:26:50 - [MESSAGE][PASSED] - Object: 'Object Repository/OrangeHrmLive/Page_OrangeHRM/input_Submit' is clicked on

2018-07-24 15:26:50 - [TEST_STEP][PASSED] - verifyElementPresent: Object 'Object Repository/OrangeFRM_HomePg/Page_OrangeHRM/b_Admin' is present

2018-07-24 15:26:50 - [MESSAGE][WARNING] - Timeout '0' is invalid. Using default page load timeout: '30'

2018-07-24 15:26:50 - [MESSAGE][PASSED] - Object 'Object Repository/OrangeFRM_HomePg/Page_OrangeHRM/b_Admin' is present

2018-07-24 15:26:50 - [TEST_STEP][PASSED] - verifyElementPresent: Object 'Object Repository/OrangeFRM_HomePg/Page_OrangeHRM/b_Leave' is present

2018-07-24 15:26:50 - [MESSAGE][WARNING] - Timeout '0' is invalid. Using default page load timeout: '30'

2018-07-24 15:26:50 - [MESSAGE][PASSED] - Object 'Object Repository/OrangeFRM_HomePg/Page_OrangeHRM/b_Leave' is present]]></system-out>
         <system-err><![CDATA[]]></system-err>
      </testcase>
      <testcase name="Test Cases/OrangeHrmLive/HomePg" classname="Test Cases/OrangeHrmLive/HomePg" status="FAILED">
         <failure type="FAILED" message="Unable to verify object is present (Root cause: java.lang.IllegalArgumentException: Object is null)"/>
         <system-out><![CDATA[2018-07-24 15:26:50 - [TEST_CASE][FAILED] - Test Cases/OrangeHrmLive/HomePg: Test Cases/OrangeHrmLive/HomePg FAILED because (of) Unable to verify object is present (Root cause: java.lang.IllegalArgumentException: Object is null)

2018-07-24 15:26:50 - [TEST_STEP][PASSED] - verifyElementPresent: Object 'Object Repository/OrangeFRM_HomePg/Page_OrangeHRM/b_Admin' is present

2018-07-24 15:26:50 - [MESSAGE][WARNING] - Timeout '0' is invalid. Using default page load timeout: '30'

2018-07-24 15:26:50 - [MESSAGE][PASSED] - Object 'Object Repository/OrangeFRM_HomePg/Page_OrangeHRM/b_Admin' is present

2018-07-24 15:26:50 - [TEST_STEP][PASSED] - verifyElementPresent: Object 'Object Repository/OrangeFRM_HomePg/Page_OrangeHRM/b_Leave' is present

2018-07-24 15:26:50 - [MESSAGE][WARNING] - Timeout '0' is invalid. Using default page load timeout: '30'

2018-07-24 15:26:50 - [MESSAGE][PASSED] - Object 'Object Repository/OrangeFRM_HomePg/Page_OrangeHRM/b_Leave' is present

2018-07-24 15:26:50 - [TEST_STEP][PASSED] - verifyElementPresent: Object 'Object Repository/OrangeFRM_HomePg/Page_OrangeHRM/b_PIM' is present

2018-07-24 15:26:50 - [MESSAGE][WARNING] - Timeout '0' is invalid. Using default page load timeout: '30'

2018-07-24 15:26:50 - [MESSAGE][PASSED] - Object 'Object Repository/OrangeFRM_HomePg/Page_OrangeHRM/b_PIM' is present

2018-07-24 15:26:50 - [TEST_STEP][PASSED] - verifyElementPresent: Object 'Object Repository/OrangeFRM_HomePg/Page_OrangeHRM/b_Time' is present

2018-07-24 15:26:50 - [MESSAGE][WARNING] - Timeout '0' is invalid. Using default page load timeout: '30'

2018-07-24 15:26:50 - [MESSAGE][PASSED] - Object 'Object Repository/OrangeFRM_HomePg/Page_OrangeHRM/b_Time' is present

2018-07-24 15:26:50 - [TEST_STEP][FAILED] - verifyElementPresent: Unable to verify object is present (Root cause: java.lang.IllegalArgumentException: Object is null)

2018-07-24 15:26:50 - [MESSAGE][WARNING] - Test object id is null

2018-07-24 15:26:50 - [MESSAGE][WARNING] - Test object with id 'Object Repository/' does not exist

2018-07-24 15:26:51 - [MESSAGE][FAILED] - Unable to verify object is present (Root cause: java.lang.IllegalArgumentException: Object is null)
[[ATTACHMENT|C:\\Users\\slk.WSLK1FFTRFW-21.000\\Katalon Studio\\Demo1_SLK\\Reports\\OrangeHrmLive\\20180724_152636\\1532426210926.png]]]]></system-out>
         <system-err><![CDATA[2018-07-24 15:26:50 - [TEST_CASE][FAILED] - Test Cases/OrangeHrmLive/HomePg: Test Cases/OrangeHrmLive/HomePg FAILED because (of) Unable to verify object is present (Root cause: java.lang.IllegalArgumentException: Object is null)]]></system-err>
      </testcase>
      <system-out><![CDATA[2018-07-24 15:26:38 - [TEST_SUITE][FAILED] - OrangeHrmLive: Test Cases/OrangeHrmLive/HomePg FAILED because (of) Unable to verify object is present (Root cause: java.lang.IllegalArgumentException: Object is null)]]></system-out>
      <system-err><![CDATA[2018-07-24 15:26:38 - [TEST_SUITE][FAILED] - OrangeHrmLive: Test Cases/OrangeHrmLive/HomePg FAILED because (of) Unable to verify object is present (Root cause: java.lang.IllegalArgumentException: Object is null)]]></system-err>
   </testsuite>
</testsuites>
