<?xml version="1.0" encoding="UTF-8"?>
<testsuites name="TestSuite2_Day2" time="9" tests="0" failures="1" errors="0">
   <testsuite name="TestSuite2_Day2" tests="0" failures="1" errors="0" time="9" timestamp="2018-07-25 11:57:25" hostname="slk - WSLK1FFTRFW-21" id="Test Suites/TestSuite2_Day2">
      <properties>
         <property name="deviceName" value=""/>
         <property name="devicePlatform" value=""/>
         <property name="logFolder" value="C:\\Users\\slk.WSLK1FFTRFW-21.000\\Katalon Studio\\Demo1_SLK\\Reports\\TestSuite2_Day2\\20180725_115723"/>
         <property name="logFiles" value="C:\\Users\\slk.WSLK1FFTRFW-21.000\\Katalon Studio\\Demo1_SLK\\Reports\\TestSuite2_Day2\\20180725_115723\\execution0.log"/>
         <property name="attachments" value="C:\\Users\\slk.WSLK1FFTRFW-21.000\\Katalon Studio\\Demo1_SLK\\Reports\\TestSuite2_Day2\\20180725_115723\\1532500053797.png"/>
         <property name="hostName" value="slk - WSLK1FFTRFW-21"/>
         <property name="os" value="Windows 7 64bit"/>
         <property name="katalonVersion" value="5.5.0.1"/>
         <property name="browser" value="Chrome 67.0.3396.99"/>
         <property name="hostAddress" value="10.10.10.29"/>
         <property name="sessionId" value="875e22a751451366b00880a7a4e8eb14"/>
         <property name="seleniumVersion" value="3.7.1"/>
         <property name="proxyInformation" value="ProxyInformation{proxyOption=NO_PROXY, proxyServerType=HTTP, password=, proxyServerAddress=, proxyServerPort=0}"/>
         <property name="platform" value="Windows 7"/>
      </properties>
      <testcase name="Test Cases/Scenario1_Var/Login_ExtVar2" classname="Test Cases/Scenario1_Var/Login_ExtVar2" status="FAILED">
         <failure type="FAILED" message="Unable to set encrypted text for object 'Object Repository/Scenario1_Var_LoginObjects/Page_OrangeHRM/input_txtPassword' (Root cause: javax.crypto.IllegalBlockSizeException: Input length must be multiple of 8 when decrypting with padded cipher)"/>
         <system-out><![CDATA[2018-07-25 11:57:25 - [TEST_CASE][FAILED] - Test Cases/Scenario1_Var/Login_ExtVar2: Test Cases/Scenario1_Var/Login_ExtVar2 FAILED because (of) Unable to set encrypted text for object 'Object Repository/Scenario1_Var_LoginObjects/Page_OrangeHRM/input_txtPassword' (Root cause: javax.crypto.IllegalBlockSizeException: Input length must be multiple of 8 when decrypting with padded cipher)

2018-07-25 11:57:25 - [TEST_STEP][PASSED] - openBrowser: Browser is opened with url: ''

2018-07-25 11:57:28 - [MESSAGE][PASSED] - Browser is opened with url: ''

2018-07-25 11:57:28 - [TEST_STEP][PASSED] - navigateToUrl: Navigate to 'https://opensource-demo.orangehrmlive.com/' successfully

2018-07-25 11:57:33 - [MESSAGE][PASSED] - Navigate to 'https://opensource-demo.orangehrmlive.com/' successfully

2018-07-25 11:57:33 - [TEST_STEP][PASSED] - setText: Text 'Admin' is set on object 'Object Repository/Scenario1_Var_LoginObjects/Page_OrangeHRM/input_txtUsername'

2018-07-25 11:57:33 - [MESSAGE][PASSED] - Text 'Admin' is set on object 'Object Repository/Scenario1_Var_LoginObjects/Page_OrangeHRM/input_txtUsername'

2018-07-25 11:57:33 - [TEST_STEP][FAILED] - setEncryptedText: Unable to set encrypted text for object 'Object Repository/Scenario1_Var_LoginObjects/Page_OrangeHRM/input_txtPassword' (Root cause: javax.crypto.IllegalBlockSizeException: Input length must be multiple of 8 when decrypting with padded cipher)

2018-07-25 11:57:34 - [MESSAGE][FAILED] - Unable to set encrypted text for object 'Object Repository/Scenario1_Var_LoginObjects/Page_OrangeHRM/input_txtPassword' (Root cause: javax.crypto.IllegalBlockSizeException: Input length must be multiple of 8 when decrypting with padded cipher)
[[ATTACHMENT|C:\\Users\\slk.WSLK1FFTRFW-21.000\\Katalon Studio\\Demo1_SLK\\Reports\\TestSuite2_Day2\\20180725_115723\\1532500053797.png]]]]></system-out>
         <system-err><![CDATA[2018-07-25 11:57:25 - [TEST_CASE][FAILED] - Test Cases/Scenario1_Var/Login_ExtVar2: Test Cases/Scenario1_Var/Login_ExtVar2 FAILED because (of) Unable to set encrypted text for object 'Object Repository/Scenario1_Var_LoginObjects/Page_OrangeHRM/input_txtPassword' (Root cause: javax.crypto.IllegalBlockSizeException: Input length must be multiple of 8 when decrypting with padded cipher)]]></system-err>
      </testcase>
      <system-out><![CDATA[2018-07-25 11:57:25 - [TEST_SUITE][FAILED] - TestSuite2_Day2: Test Cases/Scenario1_Var/Login_ExtVar2 FAILED because (of) Unable to set encrypted text for object 'Object Repository/Scenario1_Var_LoginObjects/Page_OrangeHRM/input_txtPassword' (Root cause: javax.crypto.IllegalBlockSizeException: Input length must be multiple of 8 when decrypting with padded cipher)]]></system-out>
      <system-err><![CDATA[2018-07-25 11:57:25 - [TEST_SUITE][FAILED] - TestSuite2_Day2: Test Cases/Scenario1_Var/Login_ExtVar2 FAILED because (of) Unable to set encrypted text for object 'Object Repository/Scenario1_Var_LoginObjects/Page_OrangeHRM/input_txtPassword' (Root cause: javax.crypto.IllegalBlockSizeException: Input length must be multiple of 8 when decrypting with padded cipher)]]></system-err>
   </testsuite>
</testsuites>
