<?xml version="1.0" encoding="UTF-8"?>
<testsuites name="Login" time="19" tests="1" failures="1" errors="0">
   <testsuite name="Login" tests="1" failures="1" errors="0" time="19" timestamp="2018-07-24 13:08:48" hostname="slk - WSLK1FFTRFW-21" id="Test Suites/Login">
      <properties>
         <property name="deviceName" value=""/>
         <property name="devicePlatform" value=""/>
         <property name="logFolder" value="C:\\Users\\slk.WSLK1FFTRFW-21.000\\Katalon Studio\\Demo1_SLK\\Reports\\Login\\20180724_130847"/>
         <property name="logFiles" value="C:\\Users\\slk.WSLK1FFTRFW-21.000\\Katalon Studio\\Demo1_SLK\\Reports\\Login\\20180724_130847\\execution0.log"/>
         <property name="attachments" value="C:\\Users\\slk.WSLK1FFTRFW-21.000\\Katalon Studio\\Demo1_SLK\\Reports\\Login\\20180724_130847\\1532417947181.png, C:\\Users\\slk.WSLK1FFTRFW-21.000\\Katalon Studio\\Demo1_SLK\\Reports\\Login\\20180724_130847\\1532417947485.png"/>
         <property name="hostName" value="slk - WSLK1FFTRFW-21"/>
         <property name="os" value="Windows 7 64bit"/>
         <property name="katalonVersion" value="5.5.0.1"/>
         <property name="browser" value="Chrome 67.0.3396.99"/>
         <property name="hostAddress" value="10.10.10.29"/>
         <property name="sessionId" value="afc07c17cf94f4dd9c9e7e614c10eeb3"/>
         <property name="seleniumVersion" value="3.7.1"/>
         <property name="proxyInformation" value="ProxyInformation{proxyOption=NO_PROXY, proxyServerType=HTTP, password=, proxyServerAddress=, proxyServerPort=0}"/>
         <property name="platform" value="Windows 7"/>
      </properties>
      <testcase name="Test Cases/Login/Test1" classname="Test Cases/Login/Test1" status="PASSED">
         <system-out><![CDATA[2018-07-24 13:08:48 - [TEST_CASE][PASSED] - Test Cases/Login/Test1: Test Cases/Login/Test1

2018-07-24 13:08:49 - [TEST_STEP][PASSED] - openBrowser: Browser is opened with url: ''

2018-07-24 13:08:51 - [MESSAGE][PASSED] - Browser is opened with url: ''

2018-07-24 13:08:51 - [TEST_STEP][PASSED] - navigateToUrl: Navigate to 'http://demoaut.katalon.com/' successfully

2018-07-24 13:08:53 - [MESSAGE][PASSED] - Navigate to 'http://demoaut.katalon.com/' successfully

2018-07-24 13:08:53 - [TEST_STEP][PASSED] - click: Object: 'Object Repository/LoginObjects/Page_CURA Healthcare Service/a_Make Appointment' is clicked on

2018-07-24 13:08:54 - [MESSAGE][PASSED] - Object: 'Object Repository/LoginObjects/Page_CURA Healthcare Service/a_Make Appointment' is clicked on

2018-07-24 13:08:54 - [TEST_STEP][PASSED] - setText: Text 'John Doe' is set on object 'Object Repository/LoginObjects/Page_CURA Healthcare Service/input_username'

2018-07-24 13:08:54 - [MESSAGE][PASSED] - Text 'John Doe' is set on object 'Object Repository/LoginObjects/Page_CURA Healthcare Service/input_username'

2018-07-24 13:08:54 - [TEST_STEP][PASSED] - setEncryptedText: Text ****** has been set on object 'Object Repository/LoginObjects/Page_CURA Healthcare Service/input_password'

2018-07-24 13:08:55 - [MESSAGE][PASSED] - Text ****** has been set on object 'Object Repository/LoginObjects/Page_CURA Healthcare Service/input_password'

2018-07-24 13:08:55 - [TEST_STEP][PASSED] - click: Object: 'Object Repository/LoginObjects/Page_CURA Healthcare Service/button_Login' is clicked on

2018-07-24 13:08:56 - [MESSAGE][PASSED] - Object: 'Object Repository/LoginObjects/Page_CURA Healthcare Service/button_Login' is clicked on

2018-07-24 13:08:56 - [TEST_STEP][PASSED] - openBrowser: Browser is opened with url: ''

2018-07-24 13:08:56 - [MESSAGE][WARNING] - A browser is already opened. Closing browser and opening a new one

2018-07-24 13:08:58 - [MESSAGE][PASSED] - Browser is opened with url: ''

2018-07-24 13:08:58 - [TEST_STEP][PASSED] - navigateToUrl: Navigate to 'http://www.google.com' successfully

2018-07-24 13:09:00 - [MESSAGE][PASSED] - Navigate to 'http://www.google.com' successfully

2018-07-24 13:09:00 - [TEST_STEP][PASSED] - closeBrowser: Browser is closed

2018-07-24 13:09:00 - [MESSAGE][PASSED] - Browser is closed]]></system-out>
         <system-err><![CDATA[]]></system-err>
      </testcase>
      <testcase name="Test Cases/Login/Test2_Manual" classname="Test Cases/Login/Test2_Manual" status="FAILED">
         <failure type="FAILED" message="Unable to verify object 'Object Repository/Test2Objects/Page_CURA Healthcare Service/select_Tokyo CURA Healthcare C' is present (Root cause: com.kms.katalon.core.webui.exception.WebElementNotFoundException: Web element with id: 'Object Repository/Test2Objects/Page_CURA Healthcare Service/select_Tokyo CURA Healthcare C' located by 'By.xpath: //select[@id = 'combo_facility' and @name = 'facility' and (text() = '
                            Tokyo CURA Healthcare Center
                            Hongkong CURA Healthcare Center
                            Seoul CURA Healthcare Center
                        ' or . = '
                            Tokyo CURA Healthcare Center
                            Hongkong CURA Healthcare Center
                            Seoul CURA Healthcare Center
                        ')]' not found)"/>
         <system-out><![CDATA[2018-07-24 13:09:00 - [TEST_CASE][FAILED] - Test Cases/Login/Test2_Manual: Test Cases/Login/Test2_Manual FAILED because (of) Unable to verify object 'Object Repository/Test2Objects/Page_CURA Healthcare Service/select_Tokyo CURA Healthcare C' is present (Root cause: com.kms.katalon.core.webui.exception.WebElementNotFoundException: Web element with id: 'Object Repository/Test2Objects/Page_CURA Healthcare Service/select_Tokyo CURA Healthcare C' located by 'By.xpath: //select[@id = 'combo_facility' and @name = 'facility' and (text() = '
                            Tokyo CURA Healthcare Center
                            Hongkong CURA Healthcare Center
                            Seoul CURA Healthcare Center
                        ' or . = '
                            Tokyo CURA Healthcare Center
                            Hongkong CURA Healthcare Center
                            Seoul CURA Healthcare Center
                        ')]' not found)

2018-07-24 13:09:00 - [TEST_STEP][PASSED] - openBrowser: Browser is opened with url: ''

2018-07-24 13:09:02 - [MESSAGE][PASSED] - Browser is opened with url: ''

2018-07-24 13:09:02 - [TEST_STEP][PASSED] - navigateToUrl: Navigate to 'http://demoaut.katalon.com/' successfully

2018-07-24 13:09:04 - [MESSAGE][PASSED] - Navigate to 'http://demoaut.katalon.com/' successfully

2018-07-24 13:09:04 - [TEST_STEP][PASSED] - click: Object: 'Object Repository/Test2Objects/Page_CURA Healthcare Service/a_Make Appointment' is clicked on

2018-07-24 13:09:04 - [MESSAGE][PASSED] - Object: 'Object Repository/Test2Objects/Page_CURA Healthcare Service/a_Make Appointment' is clicked on

2018-07-24 13:09:04 - [TEST_STEP][PASSED] - setText: Text 'John' is set on object 'Object Repository/Test2Objects/Page_CURA Healthcare Service/input_username'

2018-07-24 13:09:04 - [MESSAGE][PASSED] - Text 'John' is set on object 'Object Repository/Test2Objects/Page_CURA Healthcare Service/input_username'

2018-07-24 13:09:04 - [TEST_STEP][PASSED] - setEncryptedText: Text ****** has been set on object 'Object Repository/Test2Objects/Page_CURA Healthcare Service/input_password'

2018-07-24 13:09:04 - [MESSAGE][PASSED] - Text ****** has been set on object 'Object Repository/Test2Objects/Page_CURA Healthcare Service/input_password'

2018-07-24 13:09:04 - [TEST_STEP][PASSED] - click: Object: 'Object Repository/Test2Objects/Page_CURA Healthcare Service/button_Login' is clicked on

2018-07-24 13:09:06 - [MESSAGE][PASSED] - Object: 'Object Repository/Test2Objects/Page_CURA Healthcare Service/button_Login' is clicked on

2018-07-24 13:09:06 - [TEST_STEP][FAILED] - verifyElementPresent: Unable to verify object 'Object Repository/Test2Objects/Page_CURA Healthcare Service/select_Tokyo CURA Healthcare C' is present (Root cause: com.kms.katalon.core.webui.exception.WebElementNotFoundException: Web element with id: 'Object Repository/Test2Objects/Page_CURA Healthcare Service/select_Tokyo CURA Healthcare C' located by 'By.xpath: //select[@id = 'combo_facility' and @name = 'facility' and (text() = '
                            Tokyo CURA Healthcare Center
                            Hongkong CURA Healthcare Center
                            Seoul CURA Healthcare Center
                        ' or . = '
                            Tokyo CURA Healthcare Center
                            Hongkong CURA Healthcare Center
                            Seoul CURA Healthcare Center
                        ')]' not found)

2018-07-24 13:09:07 - [MESSAGE][FAILED] - com.kms.katalon.core.webui.exception.WebElementNotFoundException: Web element with id: 'Object Repository/Test2Objects/Page_CURA Healthcare Service/select_Tokyo CURA Healthcare C' located by 'By.xpath: //select[@id = 'combo_facility' and @name = 'facility' and (text() = '
                            Tokyo CURA Healthcare Center
                            Hongkong CURA Healthcare Center
                            Seoul CURA Healthcare Center
                        ' or . = '
                            Tokyo CURA Healthcare Center
                            Hongkong CURA Healthcare Center
                            Seoul CURA Healthcare Center
                        ')]' not found
[[ATTACHMENT|C:\\Users\\slk.WSLK1FFTRFW-21.000\\Katalon Studio\\Demo1_SLK\\Reports\\Login\\20180724_130847\\1532417947181.png]]

2018-07-24 13:09:07 - [MESSAGE][FAILED] - Unable to verify object 'Object Repository/Test2Objects/Page_CURA Healthcare Service/select_Tokyo CURA Healthcare C' is present (Root cause: com.kms.katalon.core.webui.exception.WebElementNotFoundException: Web element with id: 'Object Repository/Test2Objects/Page_CURA Healthcare Service/select_Tokyo CURA Healthcare C' located by 'By.xpath: //select[@id = 'combo_facility' and @name = 'facility' and (text() = '
                            Tokyo CURA Healthcare Center
                            Hongkong CURA Healthcare Center
                            Seoul CURA Healthcare Center
                        ' or . = '
                            Tokyo CURA Healthcare Center
                            Hongkong CURA Healthcare Center
                            Seoul CURA Healthcare Center
                        ')]' not found)
[[ATTACHMENT|C:\\Users\\slk.WSLK1FFTRFW-21.000\\Katalon Studio\\Demo1_SLK\\Reports\\Login\\20180724_130847\\1532417947485.png]]]]></system-out>
         <system-err><![CDATA[2018-07-24 13:09:00 - [TEST_CASE][FAILED] - Test Cases/Login/Test2_Manual: Test Cases/Login/Test2_Manual FAILED because (of) Unable to verify object 'Object Repository/Test2Objects/Page_CURA Healthcare Service/select_Tokyo CURA Healthcare C' is present (Root cause: com.kms.katalon.core.webui.exception.WebElementNotFoundException: Web element with id: 'Object Repository/Test2Objects/Page_CURA Healthcare Service/select_Tokyo CURA Healthcare C' located by 'By.xpath: //select[@id = 'combo_facility' and @name = 'facility' and (text() = '
                            Tokyo CURA Healthcare Center
                            Hongkong CURA Healthcare Center
                            Seoul CURA Healthcare Center
                        ' or . = '
                            Tokyo CURA Healthcare Center
                            Hongkong CURA Healthcare Center
                            Seoul CURA Healthcare Center
                        ')]' not found)]]></system-err>
      </testcase>
      <system-out><![CDATA[2018-07-24 13:08:48 - [TEST_SUITE][FAILED] - Login: Test Cases/Login/Test2_Manual FAILED because (of) Unable to verify object 'Object Repository/Test2Objects/Page_CURA Healthcare Service/select_Tokyo CURA Healthcare C' is present (Root cause: com.kms.katalon.core.webui.exception.WebElementNotFoundException: Web element with id: 'Object Repository/Test2Objects/Page_CURA Healthcare Service/select_Tokyo CURA Healthcare C' located by 'By.xpath: //select[@id = 'combo_facility' and @name = 'facility' and (text() = '
                            Tokyo CURA Healthcare Center
                            Hongkong CURA Healthcare Center
                            Seoul CURA Healthcare Center
                        ' or . = '
                            Tokyo CURA Healthcare Center
                            Hongkong CURA Healthcare Center
                            Seoul CURA Healthcare Center
                        ')]' not found)]]></system-out>
      <system-err><![CDATA[2018-07-24 13:08:48 - [TEST_SUITE][FAILED] - Login: Test Cases/Login/Test2_Manual FAILED because (of) Unable to verify object 'Object Repository/Test2Objects/Page_CURA Healthcare Service/select_Tokyo CURA Healthcare C' is present (Root cause: com.kms.katalon.core.webui.exception.WebElementNotFoundException: Web element with id: 'Object Repository/Test2Objects/Page_CURA Healthcare Service/select_Tokyo CURA Healthcare C' located by 'By.xpath: //select[@id = 'combo_facility' and @name = 'facility' and (text() = '
                            Tokyo CURA Healthcare Center
                            Hongkong CURA Healthcare Center
                            Seoul CURA Healthcare Center
                        ' or . = '
                            Tokyo CURA Healthcare Center
                            Hongkong CURA Healthcare Center
                            Seoul CURA Healthcare Center
                        ')]' not found)]]></system-err>
   </testsuite>
</testsuites>
