<?xml version="1.0" encoding="UTF-8"?>
<testsuites name="OrangeHrmLive" time="13" tests="2" failures="0" errors="0">
   <testsuite name="OrangeHrmLive" tests="2" failures="0" errors="0" time="13" timestamp="2018-07-24 15:28:45" hostname="slk - WSLK1FFTRFW-21" id="Test Suites/OrangeHrmLive">
      <properties>
         <property name="deviceName" value=""/>
         <property name="devicePlatform" value=""/>
         <property name="logFolder" value="C:\\Users\\slk.WSLK1FFTRFW-21.000\\Katalon Studio\\Demo1_SLK\\Reports\\OrangeHrmLive\\20180724_152843"/>
         <property name="logFiles" value="C:\\Users\\slk.WSLK1FFTRFW-21.000\\Katalon Studio\\Demo1_SLK\\Reports\\OrangeHrmLive\\20180724_152843\\execution0.log"/>
         <property name="attachments" value=""/>
         <property name="hostName" value="slk - WSLK1FFTRFW-21"/>
         <property name="os" value="Windows 7 64bit"/>
         <property name="katalonVersion" value="5.5.0.1"/>
         <property name="browser" value="Chrome 67.0.3396.99"/>
         <property name="hostAddress" value="10.10.10.29"/>
         <property name="sessionId" value="2e2e1fa9c20ebb5de11100e1f0ca2616"/>
         <property name="seleniumVersion" value="3.7.1"/>
         <property name="proxyInformation" value="ProxyInformation{proxyOption=NO_PROXY, proxyServerType=HTTP, password=, proxyServerAddress=, proxyServerPort=0}"/>
         <property name="platform" value="Windows 7"/>
      </properties>
      <testcase name="Test Cases/OrangeHrmLive/Login" classname="Test Cases/OrangeHrmLive/Login" status="PASSED">
         <system-out><![CDATA[2018-07-24 15:28:45 - [TEST_CASE][PASSED] - Test Cases/OrangeHrmLive/Login: Test Cases/OrangeHrmLive/Login

2018-07-24 15:28:45 - [TEST_STEP][PASSED] - openBrowser: Browser is opened with url: ''

2018-07-24 15:28:48 - [MESSAGE][PASSED] - Browser is opened with url: ''

2018-07-24 15:28:48 - [TEST_STEP][PASSED] - navigateToUrl: Navigate to 'https://opensource-demo.orangehrmlive.com/' successfully

2018-07-24 15:28:53 - [MESSAGE][PASSED] - Navigate to 'https://opensource-demo.orangehrmlive.com/' successfully

2018-07-24 15:28:53 - [TEST_STEP][PASSED] - click: Object: 'Object Repository/OrangeHrmLive/Page_OrangeHRM/span_Username' is clicked on

2018-07-24 15:28:53 - [MESSAGE][PASSED] - Object: 'Object Repository/OrangeHrmLive/Page_OrangeHRM/span_Username' is clicked on

2018-07-24 15:28:53 - [TEST_STEP][PASSED] - setText: Text 'Admin' is set on object 'Object Repository/OrangeHrmLive/Page_OrangeHRM/input_txtUsername'

2018-07-24 15:28:53 - [MESSAGE][PASSED] - Text 'Admin' is set on object 'Object Repository/OrangeHrmLive/Page_OrangeHRM/input_txtUsername'

2018-07-24 15:28:53 - [TEST_STEP][PASSED] - setEncryptedText: Text ****** has been set on object 'Object Repository/OrangeHrmLive/Page_OrangeHRM/input_txtPassword'

2018-07-24 15:28:53 - [MESSAGE][PASSED] - Text ****** has been set on object 'Object Repository/OrangeHrmLive/Page_OrangeHRM/input_txtPassword'

2018-07-24 15:28:53 - [TEST_STEP][PASSED] - click: Object: 'Object Repository/OrangeHrmLive/Page_OrangeHRM/input_Submit' is clicked on

2018-07-24 15:28:58 - [MESSAGE][PASSED] - Object: 'Object Repository/OrangeHrmLive/Page_OrangeHRM/input_Submit' is clicked on

2018-07-24 15:28:58 - [TEST_STEP][PASSED] - verifyElementPresent: Object 'Object Repository/OrangeFRM_HomePg/Page_OrangeHRM/b_Admin' is present

2018-07-24 15:28:58 - [MESSAGE][WARNING] - Timeout '0' is invalid. Using default page load timeout: '30'

2018-07-24 15:28:58 - [MESSAGE][PASSED] - Object 'Object Repository/OrangeFRM_HomePg/Page_OrangeHRM/b_Admin' is present

2018-07-24 15:28:58 - [TEST_STEP][PASSED] - verifyElementPresent: Object 'Object Repository/OrangeFRM_HomePg/Page_OrangeHRM/b_Leave' is present

2018-07-24 15:28:58 - [MESSAGE][WARNING] - Timeout '0' is invalid. Using default page load timeout: '30'

2018-07-24 15:28:58 - [MESSAGE][PASSED] - Object 'Object Repository/OrangeFRM_HomePg/Page_OrangeHRM/b_Leave' is present]]></system-out>
         <system-err><![CDATA[]]></system-err>
      </testcase>
      <testcase name="Test Cases/OrangeHrmLive/HomePg" classname="Test Cases/OrangeHrmLive/HomePg" status="PASSED">
         <system-out><![CDATA[2018-07-24 15:28:58 - [TEST_CASE][PASSED] - Test Cases/OrangeHrmLive/HomePg: Test Cases/OrangeHrmLive/HomePg

2018-07-24 15:28:58 - [TEST_STEP][PASSED] - verifyElementPresent: Object 'Object Repository/OrangeFRM_HomePg/Page_OrangeHRM/b_Admin' is present

2018-07-24 15:28:58 - [MESSAGE][WARNING] - Timeout '0' is invalid. Using default page load timeout: '30'

2018-07-24 15:28:58 - [MESSAGE][PASSED] - Object 'Object Repository/OrangeFRM_HomePg/Page_OrangeHRM/b_Admin' is present

2018-07-24 15:28:58 - [TEST_STEP][PASSED] - verifyElementPresent: Object 'Object Repository/OrangeFRM_HomePg/Page_OrangeHRM/b_Leave' is present

2018-07-24 15:28:58 - [MESSAGE][WARNING] - Timeout '0' is invalid. Using default page load timeout: '30'

2018-07-24 15:28:58 - [MESSAGE][PASSED] - Object 'Object Repository/OrangeFRM_HomePg/Page_OrangeHRM/b_Leave' is present

2018-07-24 15:28:58 - [TEST_STEP][PASSED] - verifyElementPresent: Object 'Object Repository/OrangeFRM_HomePg/Page_OrangeHRM/b_PIM' is present

2018-07-24 15:28:58 - [MESSAGE][WARNING] - Timeout '0' is invalid. Using default page load timeout: '30'

2018-07-24 15:28:58 - [MESSAGE][PASSED] - Object 'Object Repository/OrangeFRM_HomePg/Page_OrangeHRM/b_PIM' is present

2018-07-24 15:28:58 - [TEST_STEP][PASSED] - verifyElementPresent: Object 'Object Repository/OrangeFRM_HomePg/Page_OrangeHRM/b_Time' is present

2018-07-24 15:28:58 - [MESSAGE][WARNING] - Timeout '0' is invalid. Using default page load timeout: '30'

2018-07-24 15:28:58 - [MESSAGE][PASSED] - Object 'Object Repository/OrangeFRM_HomePg/Page_OrangeHRM/b_Time' is present

2018-07-24 15:28:58 - [TEST_STEP][PASSED] - verifyElementPresent: Object 'Object Repository/OrangeFRM_HomePg/Page_OrangeHRM/b_Recruitment' is present

2018-07-24 15:28:58 - [MESSAGE][WARNING] - Timeout '0' is invalid. Using default page load timeout: '30'

2018-07-24 15:28:58 - [MESSAGE][PASSED] - Object 'Object Repository/OrangeFRM_HomePg/Page_OrangeHRM/b_Recruitment' is present]]></system-out>
         <system-err><![CDATA[]]></system-err>
      </testcase>
      <system-out><![CDATA[2018-07-24 15:28:45 - [TEST_SUITE][PASSED] - OrangeHrmLive: Test Cases/OrangeHrmLive/HomePg]]></system-out>
      <system-err><![CDATA[]]></system-err>
   </testsuite>
</testsuites>
