<?xml version="1.0" encoding="UTF-8"?>
<testsuites name="TestSuite_Day2" time="9" tests="1" failures="0" errors="0">
   <testsuite name="TestSuite_Day2" tests="1" failures="0" errors="0" time="9" timestamp="2018-07-25 11:01:58" hostname="slk - WSLK1FFTRFW-21" id="Test Suites/TestSuite_Day2">
      <properties>
         <property name="deviceName" value=""/>
         <property name="devicePlatform" value=""/>
         <property name="logFolder" value="C:\\Users\\slk.WSLK1FFTRFW-21.000\\Katalon Studio\\Demo1_SLK\\Reports\\TestSuite_Day2\\20180725_110131"/>
         <property name="logFiles" value="C:\\Users\\slk.WSLK1FFTRFW-21.000\\Katalon Studio\\Demo1_SLK\\Reports\\TestSuite_Day2\\20180725_110131\\execution0.log"/>
         <property name="attachments" value=""/>
         <property name="hostName" value="slk - WSLK1FFTRFW-21"/>
         <property name="os" value="Windows 7 64bit"/>
         <property name="katalonVersion" value="5.5.0.1"/>
         <property name="browser" value="Chrome 67.0.3396.99"/>
         <property name="hostAddress" value="10.10.10.29"/>
         <property name="sessionId" value="eca342b22f0f4a9fa5c276644e36754b"/>
         <property name="seleniumVersion" value="3.7.1"/>
         <property name="proxyInformation" value="ProxyInformation{proxyOption=NO_PROXY, proxyServerType=HTTP, password=, proxyServerAddress=, proxyServerPort=0}"/>
         <property name="platform" value="Windows 7"/>
      </properties>
      <testcase name="Test Cases/Scenario1_Var/Login_EnvVar" classname="Test Cases/Scenario1_Var/Login_EnvVar" status="PASSED">
         <system-out><![CDATA[2018-07-25 11:01:58 - [TEST_CASE][PASSED] - Test Cases/Scenario1_Var/Login_EnvVar: Test Cases/Scenario1_Var/Login_EnvVar

2018-07-25 11:01:59 - [TEST_STEP][PASSED] - openBrowser: Browser is opened with url: ''

2018-07-25 11:02:01 - [MESSAGE][PASSED] - Browser is opened with url: ''

2018-07-25 11:02:01 - [TEST_STEP][PASSED] - navigateToUrl: Navigate to 'https://opensource-demo.orangehrmlive.com/' successfully

2018-07-25 11:02:06 - [MESSAGE][PASSED] - Navigate to 'https://opensource-demo.orangehrmlive.com/' successfully

2018-07-25 11:02:06 - [TEST_STEP][PASSED] - setText: Text 'AdminStage' is set on object 'Object Repository/Scenario1_Var_LoginObjects/Page_OrangeHRM/input_txtUsername'

2018-07-25 11:02:06 - [MESSAGE][PASSED] - Text 'AdminStage' is set on object 'Object Repository/Scenario1_Var_LoginObjects/Page_OrangeHRM/input_txtUsername'

2018-07-25 11:02:06 - [TEST_STEP][PASSED] - setEncryptedText: Text ****** has been set on object 'Object Repository/Scenario1_Var_LoginObjects/Page_OrangeHRM/input_txtPassword'

2018-07-25 11:02:07 - [MESSAGE][PASSED] - Text ****** has been set on object 'Object Repository/Scenario1_Var_LoginObjects/Page_OrangeHRM/input_txtPassword'

2018-07-25 11:02:07 - [TEST_STEP][PASSED] - click: Object: 'Object Repository/Scenario1_Var_LoginObjects/Page_OrangeHRM/input_Submit' is clicked on

2018-07-25 11:02:07 - [MESSAGE][PASSED] - Object: 'Object Repository/Scenario1_Var_LoginObjects/Page_OrangeHRM/input_Submit' is clicked on

2018-07-25 11:02:07 - [TEST_STEP][PASSED] - closeBrowser: Browser is closed

2018-07-25 11:02:08 - [MESSAGE][PASSED] - Browser is closed]]></system-out>
         <system-err><![CDATA[]]></system-err>
      </testcase>
      <system-out><![CDATA[2018-07-25 11:01:58 - [TEST_SUITE][PASSED] - TestSuite_Day2: Test Cases/Scenario1_Var/Login_EnvVar]]></system-out>
      <system-err><![CDATA[]]></system-err>
   </testsuite>
</testsuites>
